<?xml version="1.0" encoding="UTF-8"?>
<testsuite name="AnimalTest" tests="1" skipped="0" failures="0" errors="0" timestamp="2022-03-14T21:03:14" hostname="moringa-ThinkPad-X250" time="0.283">
  <properties/>
  <testcase name="getSightings_retrievesAllSightingsFromDatabase_sightingsList" classname="AnimalTest" time="0.283"/>
  <system-out><![CDATA[]]></system-out>
  <system-err><![CDATA[]]></system-err>
</testsuite>
